0 info it worked if it ends with ok
1 verbose cli [ 'node', '/usr/local/bin/npm', 'install', '-g', 'nodemon' ]
2 info using npm@1.4.28
3 info using node@v0.10.33
4 verbose cache add [ 'nodemon', null ]
5 verbose cache add name=undefined spec="nodemon" args=["nodemon",null]
6 verbose parsed url { protocol: null,
6 verbose parsed url   slashes: null,
6 verbose parsed url   auth: null,
6 verbose parsed url   host: null,
6 verbose parsed url   port: null,
6 verbose parsed url   hostname: null,
6 verbose parsed url   hash: null,
6 verbose parsed url   search: null,
6 verbose parsed url   query: null,
6 verbose parsed url   pathname: 'nodemon',
6 verbose parsed url   path: 'nodemon',
6 verbose parsed url   href: 'nodemon' }
7 silly lockFile 1625b929-nodemon nodemon
8 verbose lock nodemon /Users/nicholasruggeri/.npm/1625b929-nodemon.lock
9 silly lockFile 1625b929-nodemon nodemon
10 silly lockFile 1625b929-nodemon nodemon
11 verbose addNamed [ 'nodemon', '' ]
12 verbose addNamed [ null, '*' ]
13 silly lockFile 4f5e51c6-nodemon nodemon@
14 verbose lock nodemon@ /Users/nicholasruggeri/.npm/4f5e51c6-nodemon.lock
15 silly addNameRange { name: 'nodemon', range: '*', hasData: false }
16 verbose request where is /nodemon
17 verbose request registry https://registry.npmjs.org/
18 verbose request id 5a06e48d80bd32dd
19 verbose url raw /nodemon
20 verbose url resolving [ 'https://registry.npmjs.org/', './nodemon' ]
21 verbose url resolved https://registry.npmjs.org/nodemon
22 verbose request where is https://registry.npmjs.org/nodemon
23 info trying registry request attempt 1 at 12:19:25
24 verbose etag "CFPMIVRD3F975X0T1IHM3T3YH"
25 http GET https://registry.npmjs.org/nodemon
26 http 304 https://registry.npmjs.org/nodemon
27 silly registry.get cb [ 304,
27 silly registry.get   { date: 'Mon, 06 Jul 2015 10:19:11 GMT',
27 silly registry.get     via: '1.1 varnish',
27 silly registry.get     'cache-control': 'max-age=60',
27 silly registry.get     etag: '"CFPMIVRD3F975X0T1IHM3T3YH"',
27 silly registry.get     age: '8',
27 silly registry.get     connection: 'keep-alive',
27 silly registry.get     'x-served-by': 'cache-lhr6323-LHR',
27 silly registry.get     'x-cache': 'HIT',
27 silly registry.get     'x-cache-hits': '1',
27 silly registry.get     'x-timer': 'S1436177951.060746,VS0,VE2',
27 silly registry.get     vary: 'Accept' } ]
28 verbose etag https://registry.npmjs.org/nodemon from cache
29 silly addNameRange number 2 { name: 'nodemon', range: '*', hasData: true }
30 silly addNameRange versions [ 'nodemon',
30 silly addNameRange   [ '0.1.4',
30 silly addNameRange     '0.1.5',
30 silly addNameRange     '0.1.6',
30 silly addNameRange     '0.1.7',
30 silly addNameRange     '0.1.8',
30 silly addNameRange     '0.2.0',
30 silly addNameRange     '0.2.1',
30 silly addNameRange     '0.2.2',
30 silly addNameRange     '0.3.0',
30 silly addNameRange     '0.3.1',
30 silly addNameRange     '0.3.2',
30 silly addNameRange     '0.4.0',
30 silly addNameRange     '0.4.1',
30 silly addNameRange     '0.5.0',
30 silly addNameRange     '0.5.1',
30 silly addNameRange     '0.5.2',
30 silly addNameRange     '0.5.3',
30 silly addNameRange     '0.5.4',
30 silly addNameRange     '0.5.5',
30 silly addNameRange     '0.5.6',
30 silly addNameRange     '0.5.7',
30 silly addNameRange     '0.6.0',
30 silly addNameRange     '0.6.1',
30 silly addNameRange     '0.6.2',
30 silly addNameRange     '0.6.3',
30 silly addNameRange     '0.6.4',
30 silly addNameRange     '0.6.5',
30 silly addNameRange     '0.6.6',
30 silly addNameRange     '0.6.7',
30 silly addNameRange     '0.6.8',
30 silly addNameRange     '0.6.9',
30 silly addNameRange     '0.6.10',
30 silly addNameRange     '0.6.11',
30 silly addNameRange     '0.6.12',
30 silly addNameRange     '0.6.13',
30 silly addNameRange     '0.6.14',
30 silly addNameRange     '0.6.15',
30 silly addNameRange     '0.6.16',
30 silly addNameRange     '0.6.17',
30 silly addNameRange     '0.6.18',
30 silly addNameRange     '0.6.19',
30 silly addNameRange     '0.6.20',
30 silly addNameRange     '0.6.21',
30 silly addNameRange     '0.6.22',
30 silly addNameRange     '0.6.23',
30 silly addNameRange     '0.7.0',
30 silly addNameRange     '0.7.1',
30 silly addNameRange     '0.7.2',
30 silly addNameRange     '0.7.3',
30 silly addNameRange     '0.7.4',
30 silly addNameRange     '0.7.5',
30 silly addNameRange     '0.7.6',
30 silly addNameRange     '0.7.7',
30 silly addNameRange     '0.7.8',
30 silly addNameRange     '0.7.10',
30 silly addNameRange     '0.9.0',
30 silly addNameRange     '0.9.1',
30 silly addNameRange     '0.9.2',
30 silly addNameRange     '0.9.3',
30 silly addNameRange     '0.9.5',
30 silly addNameRange     '0.9.6',
30 silly addNameRange     '0.9.7',
30 silly addNameRange     '0.9.10',
30 silly addNameRange     '0.9.11',
30 silly addNameRange     '0.9.12',
30 silly addNameRange     '0.9.14',
30 silly addNameRange     '0.9.16',
30 silly addNameRange     '0.9.17',
30 silly addNameRange     '1.0.0',
30 silly addNameRange     '1.0.1',
30 silly addNameRange     '1.0.2',
30 silly addNameRange     '1.0.2-rc',
30 silly addNameRange     '0.6.10-a',
30 silly addNameRange     '1.0.2-rc3',
30 silly addNameRange     '1.0.2-rc4',
30 silly addNameRange     '1.0.3',
30 silly addNameRange     '1.0.4',
30 silly addNameRange     '1.0.5',
30 silly addNameRange     '1.0.6',
30 silly addNameRange     '1.0.7',
30 silly addNameRange     '1.0.8',
30 silly addNameRange     '1.0.9',
30 silly addNameRange     '1.0.10',
30 silly addNameRange     '1.0.11',
30 silly addNameRange     '1.0.12',
30 silly addNameRange     '1.0.13',
30 silly addNameRange     '1.0.14',
30 silly addNameRange     '1.0.15',
30 silly addNameRange     '1.0.16',
30 silly addNameRange     '1.0.17-rc1',
30 silly addNameRange     '1.0.17-rc2',
30 silly addNameRange     '1.0.17',
30 silly addNameRange     '1.0.18',
30 silly addNameRange     '1.0.19',
30 silly addNameRange     '1.0.20',
30 silly addNameRange     '1.1.0-alpha',
30 silly addNameRange     '1.1.0',
30 silly addNameRange     '1.1.1',
30 silly addNameRange     '1.2.0',
30 silly addNameRange     '1.2.1',
30 silly addNameRange     '1.3.0-0',
30 silly addNameRange     '1.3.0-1',
30 silly addNameRange     '1.3.0-2',
30 silly addNameRange     '1.3.0-3',
30 silly addNameRange     '1.3.0-4',
30 silly addNameRange     '1.3.0-5',
30 silly addNameRange     '1.3.0-6',
30 silly addNameRange     '1.3.0-7',
30 silly addNameRange     '1.3.0',
30 silly addNameRange     '1.3.1',
30 silly addNameRange     '1.3.2',
30 silly addNameRange     '1.3.3',
30 silly addNameRange     '1.3.5',
30 silly addNameRange     '1.3.6',
30 silly addNameRange     '1.3.7' ] ]
31 verbose addNamed [ 'nodemon', '1.3.7' ]
32 verbose addNamed [ '1.3.7', '1.3.7' ]
33 silly lockFile fec6bbf0-nodemon-1-3-7 nodemon@1.3.7
34 verbose lock nodemon@1.3.7 /Users/nicholasruggeri/.npm/fec6bbf0-nodemon-1-3-7.lock
35 silly lockFile fec6bbf0-nodemon-1-3-7 nodemon@1.3.7
36 silly lockFile fec6bbf0-nodemon-1-3-7 nodemon@1.3.7
37 silly lockFile 4f5e51c6-nodemon nodemon@
38 silly lockFile 4f5e51c6-nodemon nodemon@
39 silly resolved [ { name: 'nodemon',
39 silly resolved     homepage: 'http://nodemon.io',
39 silly resolved     author: { name: 'Remy Sharp', url: 'http://github.com/remy' },
39 silly resolved     bin: { nodemon: './bin/nodemon.js' },
39 silly resolved     engines: { node: '>=0.8' },
39 silly resolved     repository: { type: 'git', url: 'http://github.com/remy/nodemon.git' },
39 silly resolved     description: 'Simple monitor script for use during development of a node.js app.',
39 silly resolved     keywords:
39 silly resolved      [ 'monitor',
39 silly resolved        'development',
39 silly resolved        'restart',
39 silly resolved        'autoload',
39 silly resolved        'reload',
39 silly resolved        'terminal' ],
39 silly resolved     version: '1.3.7',
39 silly resolved     preferGlobal: 'true',
39 silly resolved     licenses: [ [Object] ],
39 silly resolved     main: './lib/nodemon',
39 silly resolved     scripts:
39 silly resolved      { coverage: 'istanbul cover _mocha -- --timeout 30000 --ui bdd --reporter list test/**/*.test.js',
39 silly resolved        ':test': 'mocha --timeout 30000 --ui bdd test/**/*.test.js',
39 silly resolved        test: 'for FILE in test/**/*.test.js; do echo $FILE; ./node_modules/.bin/mocha --timeout 30000 $FILE; if [ $? -ne 0 ]; then exit 1; fi; sleep 1; done',
39 silly resolved        web: 'node web' },
39 silly resolved     devDependencies:
39 silly resolved      { 'coffee-script': '~1.7.1',
39 silly resolved        connect: '~2.19.1',
39 silly resolved        istanbul: '~0.2.10',
39 silly resolved        mocha: '^2.0.1',
39 silly resolved        should: '~4.0.0' },
39 silly resolved     dependencies:
39 silly resolved      { minimatch: '~0.3.0',
39 silly resolved        'ps-tree': '~0.0.3',
39 silly resolved        touch: '~0.0.3',
39 silly resolved        'update-notifier': '^0.3.0' },
39 silly resolved     gitHead: 'ceb53ce403f7b5a39ba4c133f73fe780e472209e',
39 silly resolved     bugs: { url: 'https://github.com/remy/nodemon/issues' },
39 silly resolved     _id: 'nodemon@1.3.7',
39 silly resolved     _shasum: '447bc2e01bf499cbf5853f9937496e0a04835449',
39 silly resolved     _from: 'nodemon@',
39 silly resolved     _npmVersion: '1.4.28',
39 silly resolved     _npmUser: { name: 'remy', email: 'remy@remysharp.com' },
39 silly resolved     maintainers: [ [Object] ],
39 silly resolved     dist:
39 silly resolved      { shasum: '447bc2e01bf499cbf5853f9937496e0a04835449',
39 silly resolved        tarball: 'http://registry.npmjs.org/nodemon/-/nodemon-1.3.7.tgz' },
39 silly resolved     directories: {},
39 silly resolved     _resolved: 'https://registry.npmjs.org/nodemon/-/nodemon-1.3.7.tgz',
39 silly resolved     readme: 'ERROR: No README data found!' } ]
40 info install nodemon@1.3.7 into /usr/local/lib
41 info installOne nodemon@1.3.7
42 verbose lib/node_modules/nodemon unbuild
43 verbose tar unpack /Users/nicholasruggeri/.npm/nodemon/1.3.7/package.tgz
44 silly lockFile 15c6d46c-r-local-lib-node-modules-nodemon tar:///usr/local/lib/node_modules/nodemon
45 verbose lock tar:///usr/local/lib/node_modules/nodemon /Users/nicholasruggeri/.npm/15c6d46c-r-local-lib-node-modules-nodemon.lock
46 silly lockFile 10c8997e-ri-npm-nodemon-1-3-7-package-tgz tar:///Users/nicholasruggeri/.npm/nodemon/1.3.7/package.tgz
47 verbose lock tar:///Users/nicholasruggeri/.npm/nodemon/1.3.7/package.tgz /Users/nicholasruggeri/.npm/10c8997e-ri-npm-nodemon-1-3-7-package-tgz.lock
48 silly gunzTarPerm modes [ '755', '644' ]
49 error Error: EACCES, mkdir '/usr/local/lib/node_modules/nodemon'
49 error  { [Error: EACCES, mkdir '/usr/local/lib/node_modules/nodemon']
49 error   errno: 3,
49 error   code: 'EACCES',
49 error   path: '/usr/local/lib/node_modules/nodemon',
49 error   fstream_type: 'Directory',
49 error   fstream_path: '/usr/local/lib/node_modules/nodemon',
49 error   fstream_class: 'DirWriter',
49 error   fstream_stack:
49 error    [ '/usr/local/lib/node_modules/npm/node_modules/fstream/lib/dir-writer.js:36:23',
49 error      '/usr/local/lib/node_modules/npm/node_modules/mkdirp/index.js:46:53',
49 error      'Object.oncomplete (fs.js:107:15)' ] }
50 error Please try running this command again as root/Administrator.
51 error System Darwin 14.3.0
52 error command "node" "/usr/local/bin/npm" "install" "-g" "nodemon"
53 error cwd /Users/nicholasruggeri/Documents/workspace/cinemasbot
54 error node -v v0.10.33
55 error npm -v 1.4.28
56 error path /usr/local/lib/node_modules/nodemon
57 error fstream_path /usr/local/lib/node_modules/nodemon
58 error fstream_type Directory
59 error fstream_class DirWriter
60 error code EACCES
61 error errno 3
62 error stack Error: EACCES, mkdir '/usr/local/lib/node_modules/nodemon'
63 error fstream_stack /usr/local/lib/node_modules/npm/node_modules/fstream/lib/dir-writer.js:36:23
63 error fstream_stack /usr/local/lib/node_modules/npm/node_modules/mkdirp/index.js:46:53
63 error fstream_stack Object.oncomplete (fs.js:107:15)
64 verbose exit [ 3, true ]
